2020-08-20 08:09:27,Group Voice,End,105004,109020,Bridge 20,TS2,TG10,TAC 10,102004,VK2WID, wic HHV-04
2020-08-20 08:09:27,Group Voice,End,105005,109020,Bridge 20,TS2,TG10,TAC 10,102004,VK2WID, wic HHV-04
2020-08-20 08:09:36,Group Voice,End,105004,109020,Bridge 20,TS2,TG10,TAC 10,102004,VK2WID, wic HHV-04
2020-08-20 08:09:36,Group Voice,End,105005,109020,Bridge 20,TS2,TG10,TAC 10,102004,VK2WID, wic HHV-04
2020-08-20 08:09:55,Group Voice,End,105004,109020,Bridge 20,TS2,TG10,TAC 10,102004,VK2WID, wic HHV-04
2020-08-20 08:09:55,Group Voice,End,105005,109020,Bridge 20,TS2,TG10,TAC 10,102004,VK2WID, wic HHV-04
2020-08-20 08:10:58,Group Voice,End,105004,109020,Bridge 20,TS2,TG10,TAC 10,101004,101004
2020-08-20 08:11:12,Group Voice,End,105004,109020,Bridge 20,TS2,TG10,TAC 10,101004,101004
2020-08-20 10:59:38,Group Voice,End,105004,109020,Bridge 20,TS2,TG10,TAC 10,101004,101004
2020-08-20 11:01:37,Group Voice,End,105004,109020,Bridge 20,TS2,TG10,TAC 10,101004,101004
2020-08-20 11:01:37,Group Voice,End,105005,109020,Bridge 20,TS2,TG10,TAC 10,101004,101004
2020-08-20 11:01:44,Group Voice,End,105004,109020,Bridge 20,TS2,TG10,TAC 10,101004,101004
2020-08-20 11:01:44,Group Voice,End,105005,109020,Bridge 20,TS2,TG10,TAC 10,101004,101004
2020-08-20 11:01:47,Group Voice,End,105005,105005,VD52,TS1,TG7,TAC 7,203106,Syd19MV-2, wic HHV-01
2020-08-20 11:02:07,Group Voice,End,105004,109020,Bridge 20,TS1,TG7,TAC 7,5052082,VK2PSF, Alex Stewart
2020-08-20 11:02:07,Group Voice,End,105005,109020,Bridge 20,TS1,TG7,TAC 7,5052082,VK2PSF, Alex Stewart
2020-08-20 11:02:16,Group Voice,End,105005,105005,VD52,TS1,TG7,TAC 7,5052113,VK2KXN, Nicholas Mclean
2020-08-20 11:02:40,Group Voice,End,105004,109020,Bridge 20,TS1,TG7,TAC 7,5052082,VK2PSF, Alex Stewart
2020-08-20 11:02:40,Group Voice,End,105005,109020,Bridge 20,TS1,TG7,TAC 7,5052082,VK2PSF, Alex Stewart
2020-08-20 11:03:19,Group Voice,End,105005,105005,VD52,TS1,TG7,TAC 7,5052113,VK2KXN, Nicholas Mclean
2020-08-20 11:03:52,Group Voice,End,105004,109020,Bridge 20,TS1,TG7,TAC 7,5052082,VK2PSF, Alex Stewart
2020-08-20 11:03:52,Group Voice,End,105005,109020,Bridge 20,TS1,TG7,TAC 7,5052082,VK2PSF, Alex Stewart
2020-08-20 11:04:02,Group Voice,End,105005,105005,VD52,TS1,TG7,TAC 7,5052113,VK2KXN, Nicholas Mclean
2020-08-20 11:04:16,Group Voice,End,105004,109020,Bridge 20,TS1,TG7,TAC 7,5052082,VK2PSF, Alex Stewart
2020-08-20 11:04:16,Group Voice,End,105005,109020,Bridge 20,TS1,TG7,TAC 7,5052082,VK2PSF, Alex Stewart
2020-08-20 11:05:06,Group Voice,End,105004,109020,Bridge 20,TS1,TG7,TAC 7,5052082,VK2PSF, Alex Stewart
2020-08-20 11:05:06,Group Voice,End,105005,109020,Bridge 20,TS1,TG7,TAC 7,5052082,VK2PSF, Alex Stewart
2020-08-20 11:05:13,Group Voice,End,105005,105005,VD52,TS1,TG7,TAC 7,5052113,VK2KXN, Nicholas Mclean
2020-08-20 11:07:14,Group Voice,End,105004,109020,Bridge 20,TS1,TG7,TAC 7,5052082,VK2PSF, Alex Stewart
2020-08-20 11:07:14,Group Voice,End,105005,109020,Bridge 20,TS1,TG7,TAC 7,5052082,VK2PSF, Alex Stewart
2020-08-20 11:07:15,Group Voice,End,105003,109020,Bridge 20,TS1,TG7,TAC 7,5052082,VK2PSF, Alex Stewart
2020-08-20 11:07:57,Group Voice,End,105003,105003,Port VD52,TS1,TG7,TAC 7,203106,Syd19MV-2, wic HHV-01
2020-08-20 11:07:58,Group Voice,End,105005,105003,Port VD52,TS1,TG7,TAC 7,203106,Syd19MV-2, wic HHV-01
2020-08-20 11:08:21,Group Voice,End,105004,109020,Bridge 20,TS1,TG7,TAC 7,101004,101004
2020-08-20 11:08:21,Group Voice,End,105003,109020,Bridge 20,TS1,TG7,TAC 7,101004,101004
2020-08-20 11:08:21,Group Voice,End,105005,109020,Bridge 20,TS1,TG7,TAC 7,101004,101004
2020-08-20 11:08:44,Group Voice,End,105003,109020,Bridge 20,TS1,TG7,TAC 7,101004,101004
2020-08-20 11:08:44,Group Voice,End,105004,109020,Bridge 20,TS1,TG7,TAC 7,101004,101004
2020-08-20 11:08:44,Group Voice,End,105005,109020,Bridge 20,TS1,TG7,TAC 7,101004,101004
2020-08-20 11:08:50,Group Voice,End,105003,105003,Port VD52,TS1,TG7,TAC 7,203106,Syd19MV-2, wic HHV-01
2020-08-20 11:08:50,Group Voice,End,105005,105003,Port VD52,TS1,TG7,TAC 7,203106,Syd19MV-2, wic HHV-01
2020-08-20 11:09:22,Group Voice,End,105004,109020,Bridge 20,TS1,TG7,TAC 7,101004,101004
2020-08-20 11:09:22,Group Voice,End,105003,109020,Bridge 20,TS1,TG7,TAC 7,101004,101004
2020-08-20 11:09:22,Group Voice,End,105005,109020,Bridge 20,TS1,TG7,TAC 7,101004,101004
2020-08-20 11:09:30,Group Voice,End,105003,105003,Port VD52,TS1,TG7,TAC 7,203106,Syd19MV-2, wic HHV-01
2020-08-20 11:09:30,Group Voice,End,105005,105003,Port VD52,TS1,TG7,TAC 7,203106,Syd19MV-2, wic HHV-01
2020-08-20 11:09:39,Group Voice,End,105004,109020,Bridge 20,TS1,TG7,TAC 7,101004,101004
2020-08-20 11:09:39,Group Voice,End,105003,109020,Bridge 20,TS1,TG7,TAC 7,101004,101004
2020-08-20 11:09:39,Group Voice,End,105005,109020,Bridge 20,TS1,TG7,TAC 7,101004,101004
2020-08-20 11:09:52,Group Voice,End,105004,109020,Bridge 20,TS1,TG7,TAC 7,101004,101004
2020-08-20 11:09:52,Group Voice,End,105003,109020,Bridge 20,TS1,TG7,TAC 7,101004,101004
2020-08-20 11:09:53,Group Voice,End,105005,109020,Bridge 20,TS1,TG7,TAC 7,101004,101004
2020-08-20 11:10:19,Group Voice,End,105003,105003,Port VD52,TS1,TG7,TAC 7,203106,Syd19MV-2, wic HHV-01
2020-08-20 11:10:20,Group Voice,End,105005,105003,Port VD52,TS1,TG7,TAC 7,203106,Syd19MV-2, wic HHV-01
2020-08-20 11:11:25,Group Voice,End,105003,105003,Port VD52,TS1,TG7,TAC 7,203106,Syd19MV-2, wic HHV-01
2020-08-20 11:11:25,Group Voice,End,105005,105003,Port VD52,TS1,TG7,TAC 7,203106,Syd19MV-2, wic HHV-01
2020-08-20 11:11:58,Group Voice,End,105004,109020,Bridge 20,TS1,TG7,TAC 7,101004,101004
2020-08-20 11:11:58,Group Voice,End,105003,109020,Bridge 20,TS1,TG7,TAC 7,101004,101004
2020-08-20 11:11:58,Group Voice,End,105005,109020,Bridge 20,TS1,TG7,TAC 7,101004,101004
2020-08-20 11:12:29,Group Voice,End,105003,105003,Port VD52,TS1,TG7,TAC 7,203106,Syd19MV-2, wic HHV-01
2020-08-20 11:12:30,Group Voice,End,105005,105003,Port VD52,TS1,TG7,TAC 7,203106,Syd19MV-2, wic HHV-01
2020-08-20 11:13:26,Group Voice,End,105003,109020,Bridge 20,TS1,TG7,TAC 7,101004,101004
2020-08-20 11:13:26,Group Voice,End,105004,109020,Bridge 20,TS1,TG7,TAC 7,101004,101004
2020-08-20 11:13:26,Group Voice,End,105005,109020,Bridge 20,TS1,TG7,TAC 7,101004,101004
2020-08-20 11:13:57,Group Voice,End,105003,105003,Port VD52,TS1,TG7,TAC 7,203106,Syd19MV-2, wic HHV-01
2020-08-20 11:13:57,Group Voice,End,105005,105003,Port VD52,TS1,TG7,TAC 7,203106,Syd19MV-2, wic HHV-01
2020-08-20 11:14:03,Group Voice,End,105004,109020,Bridge 20,TS1,TG7,TAC 7,101004,101004
2020-08-20 11:14:03,Group Voice,End,105003,109020,Bridge 20,TS1,TG7,TAC 7,101004,101004
2020-08-20 11:14:03,Group Voice,End,105005,109020,Bridge 20,TS1,TG7,TAC 7,101004,101004
2020-08-20 11:15:21,Group Voice,End,105003,109020,Bridge 20,TS1,TG7,TAC 7,101004,101004
2020-08-20 11:15:21,Group Voice,End,105004,109020,Bridge 20,TS1,TG7,TAC 7,101004,101004
2020-08-20 11:15:21,Group Voice,End,105005,109020,Bridge 20,TS1,TG7,TAC 7,101004,101004
2020-08-20 11:15:55,Group Voice,End,105003,105003,Port VD52,TS1,TG7,TAC 7,203106,Syd19MV-2, wic HHV-01
2020-08-20 11:15:55,Group Voice,End,105005,105003,Port VD52,TS1,TG7,TAC 7,203106,Syd19MV-2, wic HHV-01
2020-08-20 11:16:31,Group Voice,End,105004,109020,Bridge 20,TS1,TG7,TAC 7,101004,101004
2020-08-20 11:16:31,Group Voice,End,105003,109020,Bridge 20,TS1,TG7,TAC 7,101004,101004
2020-08-20 11:16:31,Group Voice,End,105005,109020,Bridge 20,TS1,TG7,TAC 7,101004,101004
2020-08-20 11:17:02,Group Voice,End,105003,105003,Port VD52,TS1,TG7,TAC 7,203106,Syd19MV-2, wic HHV-01
2020-08-20 11:17:03,Group Voice,End,105005,105003,Port VD52,TS1,TG7,TAC 7,203106,Syd19MV-2, wic HHV-01
2020-08-20 11:17:15,Group Voice,End,105005,105005,VD52,TS1,TG7,TAC 7,5052113,VK2KXN, Nicholas Mclean
2020-08-20 11:17:42,Group Voice,End,105003,105003,Port VD52,TS1,TG7,TAC 7,203106,Syd19MV-2, wic HHV-01
2020-08-20 11:17:42,Group Voice,End,105005,105003,Port VD52,TS1,TG7,TAC 7,203106,Syd19MV-2, wic HHV-01
2020-08-20 11:18:15,Group Voice,End,105004,109020,Bridge 20,TS1,TG7,TAC 7,102004,VK2WID, wic HHV-04
2020-08-20 11:18:15,Group Voice,End,105005,109020,Bridge 20,TS1,TG7,TAC 7,102004,VK2WID, wic HHV-04
2020-08-20 11:18:15,Group Voice,End,105003,109020,Bridge 20,TS1,TG7,TAC 7,102004,VK2WID, wic HHV-04
2020-08-20 11:18:23,Group Voice,End,105003,105003,Port VD52,TS1,TG7,TAC 7,203106,Syd19MV-2, wic HHV-01
2020-08-20 11:18:24,Group Voice,End,105005,105003,Port VD52,TS1,TG7,TAC 7,203106,Syd19MV-2, wic HHV-01
2020-08-20 11:25:42,Group Voice,End,105004,109020,Bridge 20,TS2,TG10,TAC 10,102004,VK2WID, wic HHV-04
2020-08-20 11:25:43,Group Voice,End,105003,109020,Bridge 20,TS2,TG10,TAC 10,102004,VK2WID, wic HHV-04
2020-08-20 11:25:43,Group Voice,End,105005,109020,Bridge 20,TS2,TG10,TAC 10,102004,VK2WID, wic HHV-04
2020-08-20 11:25:58,Group Voice,End,105004,109020,Bridge 20,TS2,TG10,TAC 10,102004,VK2WID, wic HHV-04
2020-08-20 11:25:58,Group Voice,End,105005,109020,Bridge 20,TS2,TG10,TAC 10,102004,VK2WID, wic HHV-04
2020-08-20 11:25:58,Group Voice,End,105003,109020,Bridge 20,TS2,TG10,TAC 10,102004,VK2WID, wic HHV-04
2020-08-20 11:26:15,Group Voice,End,105004,109020,Bridge 20,TS2,TG10,TAC 10,102004,VK2WID, wic HHV-04
2020-08-20 11:26:15,Group Voice,End,105005,109020,Bridge 20,TS2,TG10,TAC 10,102004,VK2WID, wic HHV-04
2020-08-20 11:26:16,Group Voice,End,105003,109020,Bridge 20,TS2,TG10,TAC 10,102004,VK2WID, wic HHV-04
2020-08-20 11:27:07,Group Voice,End,105004,109020,Bridge 20,TS2,TG10,TAC 10,101004,101004
2020-08-20 11:27:07,Group Voice,End,105005,109020,Bridge 20,TS2,TG10,TAC 10,101004,101004
2020-08-20 11:27:07,Group Voice,End,105003,109020,Bridge 20,TS2,TG10,TAC 10,101004,101004
2020-08-20 11:27:14,Group Voice,End,105003,109020,Bridge 20,TS2,TG10,TAC 10,101004,101004
2020-08-20 11:27:14,Group Voice,End,105004,109020,Bridge 20,TS2,TG10,TAC 10,101004,101004
2020-08-20 11:27:14,Group Voice,End,105005,109020,Bridge 20,TS2,TG10,TAC 10,101004,101004
